TN:
SF:src/ejercicio/note-app.ts
FN:18,(anonymous_0)
FNF:1
FNH:1
FNDA:1,(anonymous_0)
DA:4,1
DA:19,1
DA:20,1
DA:21,1
DA:22,1
LF:5
LH:5
BRF:0
BRH:0
end_of_record
TN:
SF:src/modificacion/AddReduce.ts
FN:7,(anonymous_0)
FN:15,(anonymous_1)
FNF:2
FNH:1
FNDA:1,(anonymous_0)
FNDA:0,(anonymous_1)
DA:1,1
DA:6,1
DA:7,1
DA:8,1
DA:16,0
DA:17,0
DA:18,0
DA:20,0
LF:8
LH:4
BRF:0
BRH:0
end_of_record
TN:
SF:src/modificacion/ProdReduce.ts
FN:7,(anonymous_0)
FN:15,(anonymous_1)
FNF:2
FNH:2
FNDA:2,(anonymous_0)
FNDA:1,(anonymous_1)
DA:1,1
DA:6,1
DA:7,2
DA:8,2
DA:16,1
DA:17,1
DA:18,3
DA:20,1
DA:24,1
DA:26,1
LF:10
LH:10
BRF:0
BRH:0
end_of_record
TN:
SF:src/modificacion/SubReduce.ts
FN:7,(anonymous_0)
FN:15,(anonymous_1)
FNF:2
FNH:1
FNDA:1,(anonymous_0)
FNDA:0,(anonymous_1)
DA:1,1
DA:6,1
DA:7,1
DA:8,1
DA:16,0
DA:17,0
DA:18,0
DA:20,0
LF:8
LH:4
BRF:0
BRH:0
end_of_record
TN:
SF:src/modificacion/reduce.ts
FN:6,(anonymous_0)
FN:11,(anonymous_1)
FN:26,(anonymous_2)
FN:27,(anonymous_3)
FNF:4
FNH:1
FNDA:4,(anonymous_0)
FNDA:0,(anonymous_1)
FNDA:0,(anonymous_2)
FNDA:0,(anonymous_3)
DA:5,1
DA:6,4
DA:12,0
DA:13,0
DA:14,0
LF:5
LH:2
BRF:0
BRH:0
end_of_record
